<?xml version="1.0" encoding="UTF-8"?>
<testsuite name="homework.VerifyCheckOut" tests="1" skipped="0" failures="0" errors="0" timestamp="2022-12-22T18:32:16" hostname="BGRL-5NCY493" time="9.737">
  <properties/>
  <testcase name="verifyIfCheckoutIsSuccessful" classname="homework.VerifyCheckOut" time="9.737"/>
  <system-out><![CDATA[]]></system-out>
  <system-err><![CDATA[]]></system-err>
</testsuite>
