<?xml version="1.0" encoding="UTF-8"?>
<testsuite name="homework.VerifyPriceFilterOnProductsPage" tests="1" skipped="0" failures="0" errors="0" timestamp="2022-12-22T18:32:35" hostname="BGRL-5NCY493" time="4.87">
  <properties/>
  <testcase name="verifyIfLogoutIsSuccessful" classname="homework.VerifyPriceFilterOnProductsPage" time="4.87"/>
  <system-out><![CDATA[]]></system-out>
  <system-err><![CDATA[]]></system-err>
</testsuite>
